<?xml version="1.0" encoding="UTF-8"?>
<testng-results ignored="0" total="1" passed="1" failed="0" skipped="0">
  <reporter-output>
  </reporter-output>
  <suite started-at="2023-09-07T10:19:02 CEST" name="Surefire suite" finished-at="2023-09-07T10:19:10 CEST" duration-ms="8325">
    <groups>
    </groups>
    <test started-at="2023-09-07T10:19:02 CEST" name="Surefire test" finished-at="2023-09-07T10:19:10 CEST" duration-ms="8325">
      <class name="mpack.FirstTest">
        <test-method signature="mOne()" started-at="2023-09-07T10:19:02 CEST" name="mOne" finished-at="2023-09-07T10:19:10 CEST" duration-ms="8169" status="PASS">
          <reporter-output>
          </reporter-output>
        </test-method> <!-- mOne -->
      </class> <!-- mpack.FirstTest -->
    </test> <!-- Surefire test -->
  </suite> <!-- Surefire suite -->
</testng-results>
