<?xml version="1.0" encoding="UTF-8"?>
<testng-results ignored="0" total="0" passed="0" failed="0" skipped="0">
  <reporter-output>
  </reporter-output>
  <suite started-at="2023-09-07T11:40:04 CEST" name="All Test Suite" finished-at="2023-09-07T11:40:04 CEST" duration-ms="19">
    <groups>
    </groups>
    <test started-at="2023-09-07T11:40:04 CEST" name="C:/Users/aksoy/IdeaProjects/JenkinsAutomationTestProject" finished-at="2023-09-07T11:40:04 CEST" duration-ms="19">
    </test> <!-- C:/Users/aksoy/IdeaProjects/JenkinsAutomationTestProject -->
  </suite> <!-- All Test Suite -->
</testng-results>
